-------------------- low beta --------------------

* recent commits: 
5e4ebb2 set vtx_y to 0
d01de0d add optics uncertainties
c2f01cd add optics uncertainties
15b8aac add optics uncertainties
c294c2f new program to evaluate the optics perturbations

* status: 
On branch 4rp
Your branch is up to date with 'origin/4rp'.

nothing to commit (use -u to show untracked files)

-------------------- high beta --------------------

* recent commits: 
ee9da44 update
b3d1027 update
e510656 update normalisation
50e3547 address TODOs, remove unsused variables
4720b5b update

* status: 
On branch 4rp
Your branch is up to date with 'origin/4rp'.

nothing to commit (use -u to show untracked files)

-------------------- import --------------------
* sb1
* sb2
* sb3
