-------------------- low beta --------------------

* recent commits: 
5e4ebb2 set vtx_y to 0
d01de0d add optics uncertainties
c2f01cd add optics uncertainties
15b8aac add optics uncertainties
c294c2f new program to evaluate the optics perturbations

* status: 
On branch 4rp
Your branch is up to date with 'origin/4rp'.

nothing to commit (use -u to show untracked files)

-------------------- high beta --------------------

* recent commits: 
9ebb291 fix evaluation of systematic effect for unsmearing class
cc092cd add m_x,y histograms
d3282d8 update
973dd5f update L_int
e27c266 update normalisation procedure

* status: 
On branch 4rp
Your branch is up to date with 'origin/4rp'.

nothing to commit (use -u to show untracked files)

-------------------- import --------------------
* sb1
* sb2
* sb3
