-------------------- low beta --------------------

* recent commits: 
5e4ebb2 set vtx_y to 0
d01de0d add optics uncertainties
c2f01cd add optics uncertainties
15b8aac add optics uncertainties
c294c2f new program to evaluate the optics perturbations

* status: 
On branch 4rp
Your branch is up to date with 'origin/4rp'.

nothing to commit (use -u to show untracked files)

-------------------- high beta --------------------

* recent commits: 
bdd15de add no-background test
94d1966 remove fake "others" contribution
50fcecd save also expanded modes
60bbdd2 update
da1b0c0 add background estimation

* status: 
On branch 4rp
Your branch is up to date with 'origin/4rp'.

nothing to commit (use -u to show untracked files)

-------------------- import --------------------
* sb1
* sb2
* sb3
